<?xml version="1.0" encoding="UTF-8"?>
<!-- Generated by org.testng.reporters.JUnitXMLReporter -->
<testsuite hostname="USTASPC" ignored="2" name="Default test(failed)" tests="1" failures="1" timestamp="11 Oct 2018 14:12:41 GMT" time="1.452" errors="0">
  <testcase name="ClonePoolTest" time="0.009" classname="by.epam.hotel.pool.ConnectionPoolTest">
    <failure type="java.lang.CloneNotSupportedException">
      <![CDATA[java.lang.CloneNotSupportedException
at by.epam.hotel.pool.ConnectionPool.clone(ConnectionPool.java:96)
at by.epam.hotel.pool.ConnectionPoolTest.ClonePoolTest(ConnectionPoolTest.java:32)
... Removed 25 stack frames]]>
    </failure>
  </testcase> <!-- ClonePoolTest -->
  <testcase name="getConnectionTest" time="0.0" classname="by.epam.hotel.pool.ConnectionPoolTest">
    <ignored/>
  </testcase> <!-- getConnectionTest -->
  <testcase name="getInstanceTest" time="0.0" classname="by.epam.hotel.pool.ConnectionPoolTest">
    <ignored/>
  </testcase> <!-- getInstanceTest -->
</testsuite> <!-- Default test(failed) -->
