<?xml version="1.0" encoding="UTF-8"?>
<!-- Generated by org.testng.reporters.JUnitXMLReporter -->
<testsuite hostname="USTASPC" ignored="0" name="Default test" tests="4" failures="0" timestamp="14 Oct 2018 19:24:37 GMT" time="1.9" errors="0">
  <testcase name="ClonePoolTest" time="0.011" classname="by.epam.hotel.pool.ConnectionPoolTest"/>
  <testcase name="getInstanceTest" time="0.014" classname="by.epam.hotel.pool.ConnectionPoolTest"/>
  <testcase name="getConnectionTest" time="0.098" classname="by.epam.hotel.pool.ConnectionPoolTest"/>
  <testcase name="destroyPoolTest" time="0.007" classname="by.epam.hotel.pool.ConnectionPoolTest"/>
</testsuite> <!-- Default test -->
