<?xml version="1.0" encoding="UTF-8"?>
<!-- Generated by org.testng.reporters.JUnitXMLReporter -->
<testsuite hostname="USTASPC" ignored="0" name="Default test" tests="4" failures="0" timestamp="11 Oct 2018 15:53:34 GMT" time="1.157" errors="0">
  <testcase name="ClonePoolTest" time="0.01" classname="by.epam.hotel.pool.ConnectionPoolTest"/>
  <testcase name="getInstanceTest" time="0.006" classname="by.epam.hotel.pool.ConnectionPoolTest"/>
  <testcase name="getConnectionTest" time="0.02" classname="by.epam.hotel.pool.ConnectionPoolTest"/>
  <testcase name="destroyPoolTest" time="0.008" classname="by.epam.hotel.pool.ConnectionPoolTest"/>
</testsuite> <!-- Default test -->
