<?xml version="1.0" encoding="UTF-8"?>
<!-- Generated by org.testng.reporters.JUnitXMLReporter -->
<testsuite hostname="USTASPC" ignored="9" name="Default test(failed)(failed)" tests="2" failures="0" timestamp="11 Oct 2018 13:40:31 GMT" time="0.091" errors="0">
  <testcase name="validateCurrencyPositiveTest" time="0.023" classname="by.epam.hotel.util.ValidatorTest"/>
  <testcase name="validateCurrencyPositiveTest" time="0.003" classname="by.epam.hotel.util.ValidatorTest"/>
  <testcase name="validateCurrencyNegativeTest" time="0.0" classname="by.epam.hotel.util.ValidatorTest">
    <ignored/>
  </testcase> <!-- validateCurrencyNegativeTest -->
  <testcase name="validateEmailConfirmationKeyPositiveTest" time="0.0" classname="by.epam.hotel.util.ValidatorTest">
    <ignored/>
  </testcase> <!-- validateEmailConfirmationKeyPositiveTest -->
  <testcase name="validateEmailNegativeTest" time="0.0" classname="by.epam.hotel.util.ValidatorTest">
    <ignored/>
  </testcase> <!-- validateEmailNegativeTest -->
  <testcase name="validateLoginPositiveTest" time="0.0" classname="by.epam.hotel.util.ValidatorTest">
    <ignored/>
  </testcase> <!-- validateLoginPositiveTest -->
  <testcase name="validatePasswordNegativeTest" time="0.0" classname="by.epam.hotel.util.ValidatorTest">
    <ignored/>
  </testcase> <!-- validatePasswordNegativeTest -->
  <testcase name="validateEmailConfirmationKeyNegativeTest" time="0.0" classname="by.epam.hotel.util.ValidatorTest">
    <ignored/>
  </testcase> <!-- validateEmailConfirmationKeyNegativeTest -->
  <testcase name="validatePasswordPositiveTest" time="0.0" classname="by.epam.hotel.util.ValidatorTest">
    <ignored/>
  </testcase> <!-- validatePasswordPositiveTest -->
  <testcase name="validateEmailPositiveTest" time="0.0" classname="by.epam.hotel.util.ValidatorTest">
    <ignored/>
  </testcase> <!-- validateEmailPositiveTest -->
  <testcase name="validateLoginNegativeTest" time="0.0" classname="by.epam.hotel.util.ValidatorTest">
    <ignored/>
  </testcase> <!-- validateLoginNegativeTest -->
</testsuite> <!-- Default test(failed)(failed) -->
