<?xml version="1.0" encoding="UTF-8"?>
<!-- Generated by org.testng.reporters.JUnitXMLReporter -->
<testsuite hostname="USTASPC" ignored="3" name="Default test(failed)(failed)(failed)(failed)" tests="1" failures="0" timestamp="11 Oct 2018 12:59:14 GMT" time="0.063" errors="0">
  <testcase name="validatePasswordPositiveTest" time="0.016" classname="by.epam.hotel.util.ValidatorTest"/>
  <testcase name="validateLoginPositiveTest" time="0.0" classname="by.epam.hotel.util.ValidatorTest">
    <ignored/>
  </testcase> <!-- validateLoginPositiveTest -->
  <testcase name="invalidatePasswordPositiveTest" time="0.0" classname="by.epam.hotel.util.ValidatorTest">
    <ignored/>
  </testcase> <!-- invalidatePasswordPositiveTest -->
  <testcase name="validateLoginNegativeTest" time="0.0" classname="by.epam.hotel.util.ValidatorTest">
    <ignored/>
  </testcase> <!-- validateLoginNegativeTest -->
</testsuite> <!-- Default test(failed)(failed)(failed)(failed) -->
