<?xml version="1.0" encoding="UTF-8"?>
<testng-results skipped="0" failed="0" ignored="0" total="4" passed="4">
  <reporter-output>
  </reporter-output>
  <suite name="Default suite" duration-ms="1900" started-at="2018-10-14T19:24:35Z" finished-at="2018-10-14T19:24:37Z">
    <groups>
      <group name="group1">
        <method signature="ConnectionPoolTest.getConnectionTest(by.epam.hotel.pool.ConnectionPool)[pri:2, instance:by.epam.hotel.pool.ConnectionPoolTest@685cb137]" name="getConnectionTest" class="by.epam.hotel.pool.ConnectionPoolTest"/>
      </group> <!-- group1 -->
    </groups>
    <test name="Default test" duration-ms="1900" started-at="2018-10-14T19:24:35Z" finished-at="2018-10-14T19:24:37Z">
      <class name="by.epam.hotel.pool.ConnectionPoolTest">
        <test-method status="PASS" signature="ClonePoolTest(by.epam.hotel.pool.ConnectionPool)[pri:0, instance:by.epam.hotel.pool.ConnectionPoolTest@685cb137]" name="ClonePoolTest" duration-ms="11" started-at="2018-10-14T19:24:37Z" data-provider="dp" finished-at="2018-10-14T19:24:37Z">
          <params>
            <param index="0">
              <value>
                <![CDATA[by.epam.hotel.pool.ConnectionPool@236e3f4e]]>
              </value>
            </param>
          </params>
          <exception class="java.lang.CloneNotSupportedException">
            <full-stacktrace>
              <![CDATA[java.lang.CloneNotSupportedException
at by.epam.hotel.pool.ConnectionPool.clone(ConnectionPool.java:96)
at by.epam.hotel.pool.ConnectionPoolTest.ClonePoolTest(ConnectionPoolTest.java:30)
at sun.reflect.NativeMethodAccessorImpl.invoke0(Native Method)
at sun.reflect.NativeMethodAccessorImpl.invoke(NativeMethodAccessorImpl.java:62)
at sun.reflect.DelegatingMethodAccessorImpl.invoke(DelegatingMethodAccessorImpl.java:43)
at java.lang.reflect.Method.invoke(Method.java:498)
at org.testng.internal.MethodInvocationHelper.invokeMethod(MethodInvocationHelper.java:124)
at org.testng.internal.Invoker.invokeMethod(Invoker.java:580)
at org.testng.internal.Invoker.invokeTestMethod(Invoker.java:716)
at org.testng.internal.Invoker.invokeTestMethods(Invoker.java:988)
at org.testng.internal.TestMethodWorker.invokeTestMethods(TestMethodWorker.java:125)
at org.testng.internal.TestMethodWorker.run(TestMethodWorker.java:109)
at org.testng.TestRunner.privateRun(TestRunner.java:648)
at org.testng.TestRunner.run(TestRunner.java:505)
at org.testng.SuiteRunner.runTest(SuiteRunner.java:455)
at org.testng.SuiteRunner.runSequentially(SuiteRunner.java:450)
at org.testng.SuiteRunner.privateRun(SuiteRunner.java:415)
at org.testng.SuiteRunner.run(SuiteRunner.java:364)
at org.testng.SuiteRunnerWorker.runSuite(SuiteRunnerWorker.java:52)
at org.testng.SuiteRunnerWorker.run(SuiteRunnerWorker.java:84)
at org.testng.TestNG.runSuitesSequentially(TestNG.java:1208)
at org.testng.TestNG.runSuitesLocally(TestNG.java:1137)
at org.testng.TestNG.runSuites(TestNG.java:1049)
at org.testng.TestNG.run(TestNG.java:1017)
at org.testng.remote.AbstractRemoteTestNG.run(AbstractRemoteTestNG.java:114)
at org.testng.remote.RemoteTestNG.initAndRun(RemoteTestNG.java:251)
at org.testng.remote.RemoteTestNG.main(RemoteTestNG.java:77)
]]>
            </full-stacktrace>
          </exception> <!-- java.lang.CloneNotSupportedException -->
          <reporter-output>
          </reporter-output>
        </test-method> <!-- ClonePoolTest -->
        <test-method status="PASS" signature="releaseConnectionTest()[pri:0, instance:by.epam.hotel.pool.ConnectionPoolTest@685cb137]" name="releaseConnectionTest" is-config="true" duration-ms="2" started-at="2018-10-14T19:24:37Z" finished-at="2018-10-14T19:24:37Z">
          <reporter-output>
          </reporter-output>
        </test-method> <!-- releaseConnectionTest -->
        <test-method status="PASS" signature="getInstanceTest(by.epam.hotel.pool.ConnectionPool)[pri:0, instance:by.epam.hotel.pool.ConnectionPoolTest@685cb137]" name="getInstanceTest" duration-ms="14" started-at="2018-10-14T19:24:37Z" data-provider="dp" finished-at="2018-10-14T19:24:37Z">
          <params>
            <param index="0">
              <value>
                <![CDATA[by.epam.hotel.pool.ConnectionPool@236e3f4e]]>
              </value>
            </param>
          </params>
          <reporter-output>
          </reporter-output>
        </test-method> <!-- getInstanceTest -->
        <test-method status="PASS" signature="releaseConnectionTest()[pri:0, instance:by.epam.hotel.pool.ConnectionPoolTest@685cb137]" name="releaseConnectionTest" is-config="true" duration-ms="1" started-at="2018-10-14T19:24:37Z" finished-at="2018-10-14T19:24:37Z">
          <reporter-output>
          </reporter-output>
        </test-method> <!-- releaseConnectionTest -->
        <test-method status="PASS" signature="getConnectionTest(by.epam.hotel.pool.ConnectionPool)[pri:2, instance:by.epam.hotel.pool.ConnectionPoolTest@685cb137]" name="getConnectionTest" duration-ms="98" started-at="2018-10-14T19:24:37Z" data-provider="dp" finished-at="2018-10-14T19:24:37Z">
          <params>
            <param index="0">
              <value>
                <![CDATA[by.epam.hotel.pool.ConnectionPool@236e3f4e]]>
              </value>
            </param>
          </params>
          <reporter-output>
          </reporter-output>
        </test-method> <!-- getConnectionTest -->
        <test-method status="PASS" signature="releaseConnectionTest()[pri:0, instance:by.epam.hotel.pool.ConnectionPoolTest@685cb137]" name="releaseConnectionTest" is-config="true" duration-ms="7" started-at="2018-10-14T19:24:37Z" finished-at="2018-10-14T19:24:37Z">
          <reporter-output>
          </reporter-output>
        </test-method> <!-- releaseConnectionTest -->
        <test-method status="PASS" signature="destroyPoolTest(by.epam.hotel.pool.ConnectionPool)[pri:3, instance:by.epam.hotel.pool.ConnectionPoolTest@685cb137]" name="destroyPoolTest" duration-ms="7" started-at="2018-10-14T19:24:37Z" data-provider="dp" finished-at="2018-10-14T19:24:37Z">
          <params>
            <param index="0">
              <value>
                <![CDATA[by.epam.hotel.pool.ConnectionPool@236e3f4e]]>
              </value>
            </param>
          </params>
          <reporter-output>
          </reporter-output>
        </test-method> <!-- destroyPoolTest -->
        <test-method status="PASS" signature="releaseConnectionTest()[pri:0, instance:by.epam.hotel.pool.ConnectionPoolTest@685cb137]" name="releaseConnectionTest" is-config="true" duration-ms="0" started-at="2018-10-14T19:24:37Z" finished-at="2018-10-14T19:24:37Z">
          <reporter-output>
          </reporter-output>
        </test-method> <!-- releaseConnectionTest -->
      </class> <!-- by.epam.hotel.pool.ConnectionPoolTest -->
    </test> <!-- Default test -->
  </suite> <!-- Default suite -->
</testng-results>
