<?xml version="1.0" encoding="UTF-8"?>
<testng-results skipped="0" failed="0" ignored="0" total="1" passed="1">
  <reporter-output>
  </reporter-output>
  <suite name="Default suite" duration-ms="80" started-at="2018-10-11T17:55:41Z" finished-at="2018-10-11T17:55:41Z">
    <groups>
    </groups>
    <test name="Default test" duration-ms="80" started-at="2018-10-11T17:55:41Z" finished-at="2018-10-11T17:55:41Z">
      <class name="by.epam.hotel.util.MessageManagerTest">
        <test-method status="PASS" signature="f()[pri:0, instance:by.epam.hotel.util.MessageManagerTest@59f99ea]" name="f" duration-ms="26" started-at="2018-10-11T17:55:41Z" finished-at="2018-10-11T17:55:41Z">
          <reporter-output>
          </reporter-output>
        </test-method> <!-- f -->
      </class> <!-- by.epam.hotel.util.MessageManagerTest -->
    </test> <!-- Default test -->
  </suite> <!-- Default suite -->
</testng-results>
